# JRE version: Java(TM) SE Runtime Environment (8.0_20-b26) (build 1.8.0_20-b26)
# Java VM: Java HotSpot(TM) Client VM (25.20-b23 mixed mode windows-x86 )
Heap:
 def new generation   total 6272K, used 593K [0x04e00000, 0x054c0000, 0x0a350000)
  eden space 5632K,  10% used [0x04e00000, 0x04e94570, 0x05380000)
  from space 640K,   0% used [0x05380000, 0x05380000, 0x05420000)
  to   space 640K,   0% used [0x05420000, 0x05420000, 0x054c0000)
 tenured generation   total 30768K, used 25293K [0x0a350000, 0x0c15c000, 0x14e00000)
   the space 30768K,  82% used [0x0a350000, 0x0bc03658, 0x0bc03800, 0x0c15c000)
 Metaspace       used 6177K, capacity 6297K, committed 6400K, reserved 6528K
GC Heap History (10 events):
Event: 0.726 GC heap before
{Heap before GC invocations=0 (full 0):
 def new generation   total 4928K, used 4312K [0x04e00000, 0x05350000, 0x0a350000)
  eden space 4416K,  97% used [0x04e00000, 0x05236118, 0x05250000)
  from space 512K,   0% used [0x05250000, 0x05250000, 0x052d0000)
  to   space 512K,   0% used [0x052d0000, 0x052d0000, 0x05350000)
 tenured generation   total 10944K, used 0K [0x0a350000, 0x0ae00000, 0x14e00000)
   the space 10944K,   0% used [0x0a350000, 0x0a350000, 0x0a350200, 0x0ae00000)
 Metaspace       used 5736K, capacity 5851K, committed 5888K, reserved 6528K
Event: 0.733 GC heap after
Heap after GC invocations=1 (full 0):
 def new generation   total 4928K, used 512K [0x04e00000, 0x05350000, 0x0a350000)
  eden space 4416K,   0% used [0x04e00000, 0x04e00000, 0x05250000)
  from space 512K, 100% used [0x052d0000, 0x05350000, 0x05350000)
  to   space 512K,   0% used [0x05250000, 0x05250000, 0x052d0000)
 tenured generation   total 10944K, used 1207K [0x0a350000, 0x0ae00000, 0x14e00000)
   the space 10944K,  11% used [0x0a350000, 0x0a47dc28, 0x0a47de00, 0x0ae00000)
 Metaspace       used 5736K, capacity 5851K, committed 5888K, reserved 6528K
}
Event: 0.785 GC heap before
{Heap before GC invocations=1 (full 0):
 def new generation   total 4928K, used 4254K [0x04e00000, 0x05350000, 0x0a350000)
  eden space 4416K,  84% used [0x04e00000, 0x051a7af8, 0x05250000)
  from space 512K, 100% used [0x052d0000, 0x05350000, 0x05350000)
  to   space 512K,   0% used [0x05250000, 0x05250000, 0x052d0000)
 tenured generation   total 10944K, used 1207K [0x0a350000, 0x0ae00000, 0x14e00000)
   the space 10944K,  11% used [0x0a350000, 0x0a47dc28, 0x0a47de00, 0x0ae00000)
 Metaspace       used 5744K, capacity 5851K, committed 5888K, reserved 6528K
Event: 0.789 GC heap after
Heap after GC invocations=2 (full 0):
 def new generation   total 4928K, used 405K [0x04e00000, 0x05350000, 0x0a350000)
  eden space 4416K,   0% used [0x04e00000, 0x04e00000, 0x05250000)
  from space 512K,  79% used [0x05250000, 0x052b5518, 0x052d0000)
  to   space 512K,   0% used [0x052d0000, 0x052d0000, 0x05350000)
 tenured generation   total 10944K, used 3013K [0x0a350000, 0x0ae00000, 0x14e00000)
   the space 10944K,  27% used [0x0a350000, 0x0a641790, 0x0a641800, 0x0ae00000)
 Metaspace       used 5744K, capacity 5851K, committed 5888K, reserved 6528K
}
Event: 0.812 GC heap before
{Heap before GC invocations=2 (full 0):
 def new generation   total 4928K, used 4819K [0x04e00000, 0x05350000, 0x0a350000)
  eden space 4416K,  99% used [0x04e00000, 0x0524f8b8, 0x05250000)
  from space 512K,  79% used [0x05250000, 0x052b5518, 0x052d0000)
  to   space 512K,   0% used [0x052d0000, 0x052d0000, 0x05350000)
 tenured generation   total 10944K, used 3013K [0x0a350000, 0x0ae00000, 0x14e00000)
   the space 10944K,  27% used [0x0a350000, 0x0a641790, 0x0a641800, 0x0ae00000)
 Metaspace       used 5744K, capacity 5851K, committed 5888K, reserved 6528K
Event: 0.815 GC heap after
Heap after GC invocations=3 (full 0):
 def new generation   total 4928K, used 244K [0x04e00000, 0x05350000, 0x0a350000)
  eden space 4416K,   0% used [0x04e00000, 0x04e00000, 0x05250000)
  from space 512K,  47% used [0x052d0000, 0x0530d198, 0x05350000)
  to   space 512K,   0% used [0x05250000, 0x05250000, 0x052d0000)
 tenured generation   total 10944K, used 6309K [0x0a350000, 0x0ae00000, 0x14e00000)
   the space 10944K,  57% used [0x0a350000, 0x0a9795b0, 0x0a979600, 0x0ae00000)
 Metaspace       used 5744K, capacity 5851K, committed 5888K, reserved 6528K
}
Event: 0.854 GC heap before
{Heap before GC invocations=3 (full 0):
 def new generation   total 4928K, used 3976K [0x04e00000, 0x05350000, 0x0a350000)
  eden space 4416K,  84% used [0x04e00000, 0x051a4ec8, 0x05250000)
  from space 512K,  47% used [0x052d0000, 0x0530d198, 0x05350000)
  to   space 512K,   0% used [0x05250000, 0x05250000, 0x052d0000)
 tenured generation   total 10944K, used 6309K [0x0a350000, 0x0ae00000, 0x14e00000)
   the space 10944K,  57% used [0x0a350000, 0x0a9795b0, 0x0a979600, 0x0ae00000)
 Metaspace       used 5744K, capacity 5851K, committed 5888K, reserved 6528K
Event: 0.856 GC heap after
Heap after GC invocations=4 (full 0):
 def new generation   total 4928K, used 236K [0x04e00000, 0x05350000, 0x0a350000)
  eden space 4416K,   0% used [0x04e00000, 0x04e00000, 0x05250000)
  from space 512K,  46% used [0x05250000, 0x0528b2f0, 0x052d0000)
  to   space 512K,   0% used [0x052d0000, 0x052d0000, 0x05350000)
 tenured generation   total 10944K, used 7774K [0x0a350000, 0x0ae00000, 0x14e00000)
   the space 10944K,  71% used [0x0a350000, 0x0aae7920, 0x0aae7a00, 0x0ae00000)
 Metaspace       used 5744K, capacity 5851K, committed 5888K, reserved 6528K
}
Event: 0.954 GC heap before
{Heap before GC invocations=4 (full 0):
 def new generation   total 4928K, used 2526K [0x04e00000, 0x05350000, 0x0a350000)
  eden space 4416K,  51% used [0x04e00000, 0x0503c868, 0x05250000)
  from space 512K,  46% used [0x05250000, 0x0528b2f0, 0x052d0000)
  to   space 512K,   0% used [0x052d0000, 0x052d0000, 0x05350000)
 tenured generation   total 10944K, used 7774K [0x0a350000, 0x0ae00000, 0x14e00000)
   the space 10944K,  71% used [0x0a350000, 0x0aae7920, 0x0aae7a00, 0x0ae00000)
 Metaspace       used 6108K, capacity 6203K, committed 6272K, reserved 6528K
Event: 0.964 GC heap after
Heap after GC invocations=5 (full 1):
 def new generation   total 6272K, used 0K [0x04e00000, 0x054c0000, 0x0a350000)
  eden space 5632K,   0% used [0x04e00000, 0x04e00000, 0x05380000)
  from space 640K,   0% used [0x05380000, 0x05380000, 0x05420000)
  to   space 640K,   0% used [0x05420000, 0x05420000, 0x054c0000)
 tenured generation   total 13676K, used 8205K [0x0a350000, 0x0b0ab000, 0x14e00000)
   the space 13676K,  59% used [0x0a350000, 0x0ab53648, 0x0ab53800, 0x0b0ab000)
 Metaspace       used 6107K, capacity 6201K, committed 6272K, reserved 6528K
}

