# JRE version: Java(TM) SE Runtime Environment (8.0_20-b26) (build 1.8.0_20-b26)
# Java VM: Java HotSpot(TM) Client VM (25.20-b23 mixed mode windows-x86 )
Heap:
 def new generation   total 40384K, used 5047K [0x04400000, 0x06fd0000, 0x09950000)
  eden space 35904K,  13% used [0x04400000, 0x048b7fd0, 0x06710000)
  from space 4480K,   4% used [0x06b70000, 0x06ba5f90, 0x06fd0000)
  to   space 4480K,   0% used [0x06710000, 0x06710000, 0x06b70000)
 tenured generation   total 89608K, used 53763K [0x09950000, 0x0f0d2000, 0x14400000)
   the space 89608K,  59% used [0x09950000, 0x0cdd0f68, 0x0cdd1000, 0x0f0d2000)
 Metaspace       used 6547K, capacity 6651K, committed 6656K, reserved 7552K
GC Heap History (10 events):
Event: 0.888 GC heap before
{Heap before GC invocations=3 (full 0):
 def new generation   total 4928K, used 3263K [0x04400000, 0x04950000, 0x09950000)
  eden space 4416K,  68% used [0x04400000, 0x046f2b30, 0x04850000)
  from space 512K,  47% used [0x048d0000, 0x0490d0d8, 0x04950000)
  to   space 512K,   0% used [0x04850000, 0x04850000, 0x048d0000)
 tenured generation   total 10944K, used 6227K [0x09950000, 0x0a400000, 0x14400000)
   the space 10944K,  56% used [0x09950000, 0x09f64d50, 0x09f64e00, 0x0a400000)
 Metaspace       used 5751K, capacity 5883K, committed 5888K, reserved 6528K
Event: 0.890 GC heap after
Heap after GC invocations=4 (full 0):
 def new generation   total 4928K, used 236K [0x04400000, 0x04950000, 0x09950000)
  eden space 4416K,   0% used [0x04400000, 0x04400000, 0x04850000)
  from space 512K,  46% used [0x04850000, 0x0488b230, 0x048d0000)
  to   space 512K,   0% used [0x048d0000, 0x048d0000, 0x04950000)
 tenured generation   total 10944K, used 7692K [0x09950000, 0x0a400000, 0x14400000)
   the space 10944K,  70% used [0x09950000, 0x0a0d30c0, 0x0a0d3200, 0x0a400000)
 Metaspace       used 5751K, capacity 5883K, committed 5888K, reserved 6528K
}
Event: 0.988 GC heap before
{Heap before GC invocations=4 (full 0):
 def new generation   total 4928K, used 2457K [0x04400000, 0x04950000, 0x09950000)
  eden space 4416K,  50% used [0x04400000, 0x0462b530, 0x04850000)
  from space 512K,  46% used [0x04850000, 0x0488b230, 0x048d0000)
  to   space 512K,   0% used [0x048d0000, 0x048d0000, 0x04950000)
 tenured generation   total 10944K, used 7692K [0x09950000, 0x0a400000, 0x14400000)
   the space 10944K,  70% used [0x09950000, 0x0a0d30c0, 0x0a0d3200, 0x0a400000)
 Metaspace       used 6097K, capacity 6203K, committed 6272K, reserved 6528K
Event: 0.998 GC heap after
Heap after GC invocations=5 (full 1):
 def new generation   total 6144K, used 0K [0x04400000, 0x04aa0000, 0x09950000)
  eden space 5504K,   0% used [0x04400000, 0x04400000, 0x04960000)
  from space 640K,   0% used [0x04960000, 0x04960000, 0x04a00000)
  to   space 640K,   0% used [0x04a00000, 0x04a00000, 0x04aa0000)
 tenured generation   total 13532K, used 8117K [0x09950000, 0x0a687000, 0x14400000)
   the space 13532K,  59% used [0x09950000, 0x0a13d608, 0x0a13d800, 0x0a687000)
 Metaspace       used 6096K, capacity 6201K, committed 6272K, reserved 6528K
}
Event: 1.539 GC heap before
{Heap before GC invocations=5 (full 1):
 def new generation   total 6144K, used 758K [0x04400000, 0x04aa0000, 0x09950000)
  eden space 5504K,  13% used [0x04400000, 0x044bd800, 0x04960000)
  from space 640K,   0% used [0x04960000, 0x04960000, 0x04a00000)
  to   space 640K,   0% used [0x04a00000, 0x04a00000, 0x04aa0000)
 tenured generation   total 30624K, used 25205K [0x09950000, 0x0b738000, 0x14400000)
   the space 30624K,  82% used [0x09950000, 0x0b1ed618, 0x0b1ed800, 0x0b738000)
 Metaspace       used 6159K, capacity 6297K, committed 6400K, reserved 6528K
Event: 1.548 GC heap after
Heap after GC invocations=6 (full 2):
 def new generation   total 13824K, used 0K [0x04400000, 0x05300000, 0x09950000)
  eden space 12288K,   0% used [0x04400000, 0x04400000, 0x05000000)
  from space 1536K,   0% used [0x05000000, 0x05000000, 0x05180000)
  to   space 1536K,   0% used [0x05180000, 0x05180000, 0x05300000)
 tenured generation   total 30624K, used 8222K [0x09950000, 0x0b738000, 0x14400000)
   the space 30624K,  26% used [0x09950000, 0x0a157938, 0x0a157a00, 0x0b738000)
 Metaspace       used 6159K, capacity 6297K, committed 6400K, reserved 6528K
}
Event: 18.296 GC heap before
{Heap before GC invocations=6 (full 2):
 def new generation   total 13824K, used 8632K [0x04400000, 0x05300000, 0x09950000)
  eden space 12288K,  70% used [0x04400000, 0x04c6e278, 0x05000000)
  from space 1536K,   0% used [0x05000000, 0x05000000, 0x05180000)
  to   space 1536K,   0% used [0x05180000, 0x05180000, 0x05300000)
 tenured generation   total 75776K, used 65990K [0x09950000, 0x0e350000, 0x14400000)
   the space 75776K,  87% used [0x09950000, 0x0d9c1958, 0x0d9c1a00, 0x0e350000)
 Metaspace       used 6493K, capacity 6617K, committed 6656K, reserved 7552K
Event: 18.308 GC heap after
Heap after GC invocations=7 (full 3):
 def new generation   total 40384K, used 0K [0x04400000, 0x06fd0000, 0x09950000)
  eden space 35904K,   0% used [0x04400000, 0x04400000, 0x06710000)
  from space 4480K,   0% used [0x06710000, 0x06710000, 0x06b70000)
  to   space 4480K,   0% used [0x06b70000, 0x06b70000, 0x06fd0000)
 tenured generation   total 89608K, used 53763K [0x09950000, 0x0f0d2000, 0x14400000)
   the space 89608K,  59% used [0x09950000, 0x0cdd0f68, 0x0cdd1000, 0x0f0d2000)
 Metaspace       used 6493K, capacity 6617K, committed 6656K, reserved 7552K
}
Event: 37.217 GC heap before
{Heap before GC invocations=7 (full 3):
 def new generation   total 40384K, used 35904K [0x04400000, 0x06fd0000, 0x09950000)
  eden space 35904K, 100% used [0x04400000, 0x06710000, 0x06710000)
  from space 4480K,   0% used [0x06710000, 0x06710000, 0x06b70000)
  to   space 4480K,   0% used [0x06b70000, 0x06b70000, 0x06fd0000)
 tenured generation   total 89608K, used 53763K [0x09950000, 0x0f0d2000, 0x14400000)
   the space 89608K,  59% used [0x09950000, 0x0cdd0f68, 0x0cdd1000, 0x0f0d2000)
 Metaspace       used 6540K, capacity 6651K, committed 6656K, reserved 7552K
Event: 37.219 GC heap after
Heap after GC invocations=8 (full 3):
 def new generation   total 40384K, used 215K [0x04400000, 0x06fd0000, 0x09950000)
  eden space 35904K,   0% used [0x04400000, 0x04400000, 0x06710000)
  from space 4480K,   4% used [0x06b70000, 0x06ba5f90, 0x06fd0000)
  to   space 4480K,   0% used [0x06710000, 0x06710000, 0x06b70000)
 tenured generation   total 89608K, used 53763K [0x09950000, 0x0f0d2000, 0x14400000)
   the space 89608K,  59% used [0x09950000, 0x0cdd0f68, 0x0cdd1000, 0x0f0d2000)
 Metaspace       used 6540K, capacity 6651K, committed 6656K, reserved 7552K
}

